2022-03-08 12:45:05,742 - root - ERROR : Error in write in meeting archive - 25020
2022-03-08 12:45:38,705 - root - ERROR : Error in write in meeting archive - 27536
2022-03-08 16:01:30,740 - root - ERROR : There is no HTML file (Dashboard tahlily) in {Selected_class} Class - 29644
2022-03-08 16:02:20,994 - root - ERROR : There is no HTML file (Dashboard tahlily) in {Selected_class} Class - 30000
2022-03-08 16:02:43,574 - root - ERROR : There is no HTML file (Dashboard tahlily) in \u0628 Class - 34688
2022-03-08 16:03:07,196 - root - ERROR : b'There is no HTML file (Dashboard tahlily) in \xd8\xa8 Class' - 29072
2022-03-08 16:06:56,661 - root - ERROR : There is no HTML file (Dashboard tahlily) in \u0628 Class - 30700
2022-03-08 16:07:26,878 - root - ERROR : There is no HTML file (Dashboard tahlily) in \u0628 Class - 34300
2022-03-08 17:36:58,060 - root - ERROR : There is no HTML file (Dashboard tahlily) in \u0628 Class - 14476
2022-03-08 17:44:48,793 - root - ERROR : Error in Load indicators - 12776
2022-03-08 18:03:29,968 - root - ERROR : There is no Defined class - 24860
2022-03-08 18:07:14,994 - root - ERROR : There is no Defined class - 20872
2022-03-08 18:08:31,466 - root - ERROR : There is no Defined class - 27288
2022-03-08 18:08:50,532 - root - ERROR : There is no Defined class - 6320
2022-03-08 18:27:13,715 - root - ERROR : Error in Load indicators - 21780
2022-03-08 18:27:19,062 - root - ERROR : There is no Defined class - 21780
2022-03-08 18:31:34,279 - root - ERROR : There is no Defined class - 31676
2022-03-08 18:43:36,784 - root - ERROR : There is no HTML file (Dashboard tahlily) in \u0628 Class - 8336
2022-03-08 18:49:15,891 - root - ERROR : There is no HTML file (Dashboard tahlily) in \u0628 Class - 25048
2022-03-08 19:04:48,832 - root - ERROR : There is no Defined class - 33344
2022-03-08 19:06:21,833 - root - ERROR : There is no Defined class - 328
2022-03-08 19:06:33,130 - root - ERROR : There is no Defined class - 32720
2022-03-08 19:07:03,242 - root - ERROR : There is no Defined class - 25076
2022-03-08 19:08:11,622 - root - ERROR : There is no Defined class - 10456
2022-03-08 19:08:25,178 - root - ERROR : Unable class format - 17380
2022-03-08 19:08:32,330 - root - ERROR : Unable class format - 34048
2022-03-08 19:12:03,404 - root - ERROR : There is no Defined class - 28232
2022-03-08 19:16:44,869 - root - ERROR : There is no HTML file (Dashboard tahlily) in \u0627\u0644\u0641 Class - 33144
2022-03-08 19:17:33,673 - root - ERROR : There is no HTML file (Dashboard tahlily) in \u0627\u0644\u0641 Class - 9268
2022-03-09 08:19:14,693 - root - ERROR : There is no Defined class - 25356
2022-03-09 08:20:22,762 - root - ERROR : There is no Defined class - 17032
